<?xml version="1.0" encoding="UTF-8"?>
<!-- Generated by org.testng.reporters.JUnitXMLReporter -->
<testsuite ignored="1" hostname="RAJRATNAA" failures="4" tests="48" name="Test" time="5.274" errors="0" timestamp="2022-12-13T19:52:35 IST">
  <testcase classname="Keywords.Groups" name="infosys" time="0.01"/>
  <testcase classname="Keywords.Groups" name="technip" time="0.002"/>
  <testcase classname="Keywords.Groups" name="wipro" time="0.002"/>
  <testcase classname="com.TestNG.TestClassNG" name="testcase1" time="0.002"/>
  <testcase classname="com.TestNG.TestClassNG" name="testcase2" time="0.002"/>
  <testcase classname="Keywords.DependsOnMultipleMethods" name="APIStudentLogin" time="0.002"/>
  <testcase classname="Keywords.DependsOnMultipleMethods" name="MobileStudentLogin" time="0.001"/>
  <testcase classname="Keywords.DependsOnMultipleMethods" name="WebStudentLogin" time="0.004"/>
  <testcase classname="Keywords.TimeOut2" name="ContactVerify" time="0.001"/>
  <testcase classname="Keywords.TimeOut2" name="LandingPage" time="1.021">
    <failure type="org.testng.internal.thread.ThreadTimeoutException" message="Method Keywords.TimeOut2.LandingPage() didn&amp;apos;t finish within the time-out 1000">
      <![CDATA[org.testng.internal.thread.ThreadTimeoutException: Method Keywords.TimeOut2.LandingPage() didn't finish within the time-out 1000
at java.base/java.util.ArrayList.forEach(ArrayList.java:1511)
... Removed 24 stack frames]]>
    </failure>
  </testcase> <!-- LandingPage -->
  <testcase classname="Keywords.TimeOut2" name="LoanContact" time="0.0">
    <skipped/>
  </testcase> <!-- LoanContact -->
  <testcase classname="Keywords.DependsOnMethod" name="MobileStudentLogin" time="0.001"/>
  <testcase classname="Keywords.DependsOnMethod" name="WebStudentLogin" time="1.011">
    <failure type="org.testng.internal.thread.ThreadTimeoutException" message="Method Keywords.DependsOnMethod.WebStudentLogin() didn&amp;apos;t finish within the time-out 1000">
      <![CDATA[org.testng.internal.thread.ThreadTimeoutException: Method Keywords.DependsOnMethod.WebStudentLogin() didn't finish within the time-out 1000
at java.base/java.util.ArrayList.forEach(ArrayList.java:1511)
... Removed 24 stack frames]]>
    </failure>
  </testcase> <!-- WebStudentLogin -->
  <testcase classname="Keywords.DependsOnMethod" name="APIStudentLogin" time="0.0">
    <skipped/>
  </testcase> <!-- APIStudentLogin -->
  <testcase classname="Keywords.Priority" name="SignUpPage" time="0.0"/>
  <testcase classname="Keywords.Priority" name="LoginPage" time="0.001"/>
  <testcase classname="Keywords.Priority" name="ForgotPasswordLink" time="0.001"/>
  <testcase classname="Keywords.Priority" name="HomePage" time="0.001"/>
  <testcase classname="Keywords.Priority" name="LogOutPage" time="0.002"/>
  <testcase classname="com.com.GenerateReport.FirstClass" name="First" time="0.002"/>
  <testcase classname="com.com.GenerateReport.FirstClass" name="Second" time="0.001"/>
  <testcase classname="Keywords.InvocationCount" name="ForgotPasswordLink" time="0.005"/>
  <testcase classname="Keywords.InvocationCount" name="HomePage" time="0.001"/>
  <testcase classname="Keywords.InvocationCount" name="HomePage" time="0.001"/>
  <testcase classname="Keywords.InvocationCount" name="HomePage" time="0.001"/>
  <testcase classname="Keywords.InvocationCount" name="LogOutPage" time="0.001"/>
  <testcase classname="Keywords.InvocationCount" name="LoginPage" time="0.0"/>
  <testcase classname="Keywords.InvocationCount" name="SignUpPage" time="0.003"/>
  <testcase classname="com.com.GenerateReport.ThirdClass" name="Fifth" time="0.001"/>
  <testcase classname="com.com.GenerateReport.SecondClass" name="Fourth" time="0.001"/>
  <testcase classname="com.com.GenerateReport.SecondClass" name="Third" time="0.001"/>
  <testcase classname="Keywords.AlwaysRun" name="MobileStudentLogin" time="0.002"/>
  <testcase classname="Keywords.AlwaysRun" name="WebStudentLogin" time="1.017">
    <failure type="org.testng.internal.thread.ThreadTimeoutException" message="Method Keywords.AlwaysRun.WebStudentLogin() didn&amp;apos;t finish within the time-out 1000">
      <![CDATA[org.testng.internal.thread.ThreadTimeoutException: Method Keywords.AlwaysRun.WebStudentLogin() didn't finish within the time-out 1000
at java.base/java.util.ArrayList.forEach(ArrayList.java:1511)
... Removed 24 stack frames]]>
    </failure>
  </testcase> <!-- WebStudentLogin -->
  <testcase classname="Keywords.AlwaysRun" name="APIStudentLogin" time="0.001"/>
  <testcase classname="com.TestNG.Keywords" name="TestCase1" time="0.0"/>
  <testcase classname="Keywords.TimeOut" name="ForgotPasswordLink" time="0.001"/>
  <testcase classname="Keywords.TimeOut" name="HomePage" time="0.001"/>
  <testcase classname="Keywords.TimeOut" name="LogOutPage" time="2.011">
    <failure type="org.testng.internal.thread.ThreadTimeoutException" message="Method Keywords.TimeOut.LogOutPage() didn&amp;apos;t finish within the time-out 2000">
      <![CDATA[org.testng.internal.thread.ThreadTimeoutException: Method Keywords.TimeOut.LogOutPage() didn't finish within the time-out 2000
at java.base/java.util.ArrayList.forEach(ArrayList.java:1511)
... Removed 24 stack frames]]>
    </failure>
  </testcase> <!-- LogOutPage -->
  <testcase classname="Keywords.TimeOut" name="LoginPage" time="0.001"/>
  <testcase classname="Keywords.AllTestNGKeywords" name="SignUpPage" time="0.001"/>
  <testcase classname="Keywords.AllTestNGKeywords" name="LoginPage" time="0.002"/>
  <testcase classname="Keywords.AllTestNGKeywords" name="ForgotPasswordLink" time="0.001"/>
  <testcase classname="Keywords.AllTestNGKeywords" name="HomePage" time="0.002"/>
  <testcase classname="Keywords.AllTestNGKeywords" name="LogOutPage" time="0.002"/>
  <testcase classname="Keywords.Enabled" name="HomePage" time="0.0"/>
  <testcase classname="Keywords.Enabled" name="LogOutPage" time="0.002"/>
  <testcase classname="Keywords.Enabled" name="LoginPage" time="0.001"/>
  <testcase classname="Keywords.Enabled" name="SignUpPage" time="0.001"/>
  <testcase classname="Keywords.Enabled" name="ForgotPasswordLink" time="0.0">
    <ignored/>
  </testcase> <!-- ForgotPasswordLink -->
</testsuite> <!-- Test -->
